The system is: Linux - 4.10.0-40-generic - i686
Compiling the CXX compiler identification source file "CMakeCXXCompilerId.cpp" succeeded.
Compiler: /usr/bin/c++ 
Build flags: 
Id flags: 

The output was:
0


Compilation of the CXX compiler identification source "CMakeCXXCompilerId.cpp" produced "a.out"

The CXX compiler identification is GNU, found in "/home/sebastian/Schreibtisch/IPI/Übung/Ü6/build/CMakeFiles/3.5.2/CompilerIdCXX/a.out"

Determining if the CXX compiler works passed with the following output:
Change Dir: /home/sebastian/Schreibtisch/IPI/Übung/Ü6/build/CMakeFiles/CMakeTmp

Run Build Command:"/usr/bin/make" "cmTC_af65f/fast"
/usr/bin/make -f CMakeFiles/cmTC_af65f.dir/build.make CMakeFiles/cmTC_af65f.dir/build
make[1]: Verzeichnis „/home/sebastian/Schreibtisch/IPI/Übung/Ü6/build/CMakeFiles/CMakeTmp“ wird betreten
Building CXX object CMakeFiles/cmTC_af65f.dir/testCXXCompiler.cxx.o
/usr/bin/c++      -o CMakeFiles/cmTC_af65f.dir/testCXXCompiler.cxx.o -c /home/sebastian/Schreibtisch/IPI/Übung/Ü6/build/CMakeFiles/CMakeTmp/testCXXCompiler.cxx
Linking CXX executable cmTC_af65f
/usr/bin/cmake -E cmake_link_script CMakeFiles/cmTC_af65f.dir/link.txt --verbose=1
/usr/bin/c++        CMakeFiles/cmTC_af65f.dir/testCXXCompiler.cxx.o  -o cmTC_af65f -rdynamic 
make[1]: Verzeichnis „/home/sebastian/Schreibtisch/IPI/Übung/Ü6/build/CMakeFiles/CMakeTmp“ wird verlassen


Detecting CXX compiler ABI info compiled with the following output:
Change Dir: /home/sebastian/Schreibtisch/IPI/Übung/Ü6/build/CMakeFiles/CMakeTmp

Run Build Command:"/usr/bin/make" "cmTC_ea7cb/fast"
/usr/bin/make -f CMakeFiles/cmTC_ea7cb.dir/build.make CMakeFiles/cmTC_ea7cb.dir/build
make[1]: Verzeichnis „/home/sebastian/Schreibtisch/IPI/Übung/Ü6/build/CMakeFiles/CMakeTmp“ wird betreten
Building CXX object CMakeFiles/cmTC_ea7cb.dir/CMakeCXXCompilerABI.cpp.o
/usr/bin/c++      -o CMakeFiles/cmTC_ea7cb.dir/CMakeCXXCompilerABI.cpp.o -c /usr/share/cmake-3.5/Modules/CMakeCXXCompilerABI.cpp
Linking CXX executable cmTC_ea7cb
/usr/bin/cmake -E cmake_link_script CMakeFiles/cmTC_ea7cb.dir/link.txt --verbose=1
/usr/bin/c++       -v CMakeFiles/cmTC_ea7cb.dir/CMakeCXXCompilerABI.cpp.o  -o cmTC_ea7cb -rdynamic  
Using built-in specs.
COLLECT_GCC=/usr/bin/c++
COLLECT_LTO_WRAPPER=/usr/lib/gcc/i686-linux-gnu/5/lto-wrapper
Target: i686-linux-gnu
Configured with: ../src/configure -v --with-pkgversion='Ubuntu 5.4.0-6ubuntu1~16.04.5' --with-bugurl=file:///usr/share/doc/gcc-5/README.Bugs --enable-languages=c,ada,c++,java,go,d,fortran,objc,obj-c++ --prefix=/usr --program-suffix=-5 --enable-shared --enable-linker-build-id --libexecdir=/usr/lib --without-included-gettext --enable-threads=posix --libdir=/usr/lib --enable-nls --with-sysroot=/ --enable-clocale=gnu --enable-libstdcxx-debug --enable-libstdcxx-time=yes --with-default-libstdcxx-abi=new --enable-gnu-unique-object --disable-vtable-verify --enable-libmpx --enable-plugin --with-system-zlib --disable-browser-plugin --enable-java-awt=gtk --enable-gtk-cairo --with-java-home=/usr/lib/jvm/java-1.5.0-gcj-5-i386/jre --enable-java-home --with-jvm-root-dir=/usr/lib/jvm/java-1.5.0-gcj-5-i386 --with-jvm-jar-dir=/usr/lib/jvm-exports/java-1.5.0-gcj-5-i386 --with-arch-directory=i386 --with-ecj-jar=/usr/share/java/eclipse-ecj.jar --enable-objc-gc --enable-targets=all --enable-multiarch --disable-werror --with-arch-32=i686 --with-multilib-list=m32,m64,mx32 --enable-multilib --with-tune=generic --enable-checking=release --build=i686-linux-gnu --host=i686-linux-gnu --target=i686-linux-gnu
Thread model: posix
gcc version 5.4.0 20160609 (Ubuntu 5.4.0-6ubuntu1~16.04.5) 
COMPILER_PATH=/usr/lib/gcc/i686-linux-gnu/5/:/usr/lib/gcc/i686-linux-gnu/5/:/usr/lib/gcc/i686-linux-gnu/:/usr/lib/gcc/i686-linux-gnu/5/:/usr/lib/gcc/i686-linux-gnu/
LIBRARY_PATH=/usr/lib/gcc/i686-linux-gnu/5/:/usr/lib/gcc/i686-linux-gnu/5/../../../i386-linux-gnu/:/usr/lib/gcc/i686-linux-gnu/5/../../../../lib/:/lib/i386-linux-gnu/:/lib/../lib/:/usr/lib/i386-linux-gnu/:/usr/lib/../lib/:/usr/lib/gcc/i686-linux-gnu/5/../../../:/lib/:/usr/lib/
COLLECT_GCC_OPTIONS='-v' '-o' 'cmTC_ea7cb' '-rdynamic' '-shared-libgcc' '-mtune=generic' '-march=i686'
 /usr/lib/gcc/i686-linux-gnu/5/collect2 -plugin /usr/lib/gcc/i686-linux-gnu/5/liblto_plugin.so -plugin-opt=/usr/lib/gcc/i686-linux-gnu/5/lto-wrapper -plugin-opt=-fresolution=/tmp/ccpDeRAz.res -plugin-opt=-pass-through=-lgcc_s -plugin-opt=-pass-through=-lgcc -plugin-opt=-pass-through=-lc -plugin-opt=-pass-through=-lgcc_s -plugin-opt=-pass-through=-lgcc --sysroot=/ --build-id --eh-frame-hdr -m elf_i386 --hash-style=gnu --as-needed -export-dynamic -dynamic-linker /lib/ld-linux.so.2 -z relro -o cmTC_ea7cb /usr/lib/gcc/i686-linux-gnu/5/../../../i386-linux-gnu/crt1.o /usr/lib/gcc/i686-linux-gnu/5/../../../i386-linux-gnu/crti.o /usr/lib/gcc/i686-linux-gnu/5/crtbegin.o -L/usr/lib/gcc/i686-linux-gnu/5 -L/usr/lib/gcc/i686-linux-gnu/5/../../../i386-linux-gnu -L/usr/lib/gcc/i686-linux-gnu/5/../../../../lib -L/lib/i386-linux-gnu -L/lib/../lib -L/usr/lib/i386-linux-gnu -L/usr/lib/../lib -L/usr/lib/gcc/i686-linux-gnu/5/../../.. CMakeFiles/cmTC_ea7cb.dir/CMakeCXXCompilerABI.cpp.o -lstdc++ -lm -lgcc_s -lgcc -lc -lgcc_s -lgcc /usr/lib/gcc/i686-linux-gnu/5/crtend.o /usr/lib/gcc/i686-linux-gnu/5/../../../i386-linux-gnu/crtn.o
make[1]: Verzeichnis „/home/sebastian/Schreibtisch/IPI/Übung/Ü6/build/CMakeFiles/CMakeTmp“ wird verlassen


Parsed CXX implicit link information from above output:
  link line regex: [^( *|.*[/\])(ld|([^/\]+-)?ld|collect2)[^/\]*( |$)]
  ignore line: [Change Dir: /home/sebastian/Schreibtisch/IPI/Übung/Ü6/build/CMakeFiles/CMakeTmp]
  ignore line: []
  ignore line: [Run Build Command:"/usr/bin/make" "cmTC_ea7cb/fast"]
  ignore line: [/usr/bin/make -f CMakeFiles/cmTC_ea7cb.dir/build.make CMakeFiles/cmTC_ea7cb.dir/build]
  ignore line: [make[1]: Verzeichnis „/home/sebastian/Schreibtisch/IPI/Übung/Ü6/build/CMakeFiles/CMakeTmp“ wird betreten]
  ignore line: [Building CXX object CMakeFiles/cmTC_ea7cb.dir/CMakeCXXCompilerABI.cpp.o]
  ignore line: [/usr/bin/c++      -o CMakeFiles/cmTC_ea7cb.dir/CMakeCXXCompilerABI.cpp.o -c /usr/share/cmake-3.5/Modules/CMakeCXXCompilerABI.cpp]
  ignore line: [Linking CXX executable cmTC_ea7cb]
  ignore line: [/usr/bin/cmake -E cmake_link_script CMakeFiles/cmTC_ea7cb.dir/link.txt --verbose=1]
  ignore line: [/usr/bin/c++       -v CMakeFiles/cmTC_ea7cb.dir/CMakeCXXCompilerABI.cpp.o  -o cmTC_ea7cb -rdynamic  ]
  ignore line: [Using built-in specs.]
  ignore line: [COLLECT_GCC=/usr/bin/c++]
  ignore line: [COLLECT_LTO_WRAPPER=/usr/lib/gcc/i686-linux-gnu/5/lto-wrapper]
  ignore line: [Target: i686-linux-gnu]
  ignore line: [Configured with: ../src/configure -v --with-pkgversion='Ubuntu 5.4.0-6ubuntu1~16.04.5' --with-bugurl=file:///usr/share/doc/gcc-5/README.Bugs --enable-languages=c,ada,c++,java,go,d,fortran,objc,obj-c++ --prefix=/usr --program-suffix=-5 --enable-shared --enable-linker-build-id --libexecdir=/usr/lib --without-included-gettext --enable-threads=posix --libdir=/usr/lib --enable-nls --with-sysroot=/ --enable-clocale=gnu --enable-libstdcxx-debug --enable-libstdcxx-time=yes --with-default-libstdcxx-abi=new --enable-gnu-unique-object --disable-vtable-verify --enable-libmpx --enable-plugin --with-system-zlib --disable-browser-plugin --enable-java-awt=gtk --enable-gtk-cairo --with-java-home=/usr/lib/jvm/java-1.5.0-gcj-5-i386/jre --enable-java-home --with-jvm-root-dir=/usr/lib/jvm/java-1.5.0-gcj-5-i386 --with-jvm-jar-dir=/usr/lib/jvm-exports/java-1.5.0-gcj-5-i386 --with-arch-directory=i386 --with-ecj-jar=/usr/share/java/eclipse-ecj.jar --enable-objc-gc --enable-targets=all --enable-multiarch --disable-werror --with-arch-32=i686 --with-multilib-list=m32,m64,mx32 --enable-multilib --with-tune=generic --enable-checking=release --build=i686-linux-gnu --host=i686-linux-gnu --target=i686-linux-gnu]
  ignore line: [Thread model: posix]
  ignore line: [gcc version 5.4.0 20160609 (Ubuntu 5.4.0-6ubuntu1~16.04.5) ]
  ignore line: [COMPILER_PATH=/usr/lib/gcc/i686-linux-gnu/5/:/usr/lib/gcc/i686-linux-gnu/5/:/usr/lib/gcc/i686-linux-gnu/:/usr/lib/gcc/i686-linux-gnu/5/:/usr/lib/gcc/i686-linux-gnu/]
  ignore line: [LIBRARY_PATH=/usr/lib/gcc/i686-linux-gnu/5/:/usr/lib/gcc/i686-linux-gnu/5/../../../i386-linux-gnu/:/usr/lib/gcc/i686-linux-gnu/5/../../../../lib/:/lib/i386-linux-gnu/:/lib/../lib/:/usr/lib/i386-linux-gnu/:/usr/lib/../lib/:/usr/lib/gcc/i686-linux-gnu/5/../../../:/lib/:/usr/lib/]
  ignore line: [COLLECT_GCC_OPTIONS='-v' '-o' 'cmTC_ea7cb' '-rdynamic' '-shared-libgcc' '-mtune=generic' '-march=i686']
  link line: [ /usr/lib/gcc/i686-linux-gnu/5/collect2 -plugin /usr/lib/gcc/i686-linux-gnu/5/liblto_plugin.so -plugin-opt=/usr/lib/gcc/i686-linux-gnu/5/lto-wrapper -plugin-opt=-fresolution=/tmp/ccpDeRAz.res -plugin-opt=-pass-through=-lgcc_s -plugin-opt=-pass-through=-lgcc -plugin-opt=-pass-through=-lc -plugin-opt=-pass-through=-lgcc_s -plugin-opt=-pass-through=-lgcc --sysroot=/ --build-id --eh-frame-hdr -m elf_i386 --hash-style=gnu --as-needed -export-dynamic -dynamic-linker /lib/ld-linux.so.2 -z relro -o cmTC_ea7cb /usr/lib/gcc/i686-linux-gnu/5/../../../i386-linux-gnu/crt1.o /usr/lib/gcc/i686-linux-gnu/5/../../../i386-linux-gnu/crti.o /usr/lib/gcc/i686-linux-gnu/5/crtbegin.o -L/usr/lib/gcc/i686-linux-gnu/5 -L/usr/lib/gcc/i686-linux-gnu/5/../../../i386-linux-gnu -L/usr/lib/gcc/i686-linux-gnu/5/../../../../lib -L/lib/i386-linux-gnu -L/lib/../lib -L/usr/lib/i386-linux-gnu -L/usr/lib/../lib -L/usr/lib/gcc/i686-linux-gnu/5/../../.. CMakeFiles/cmTC_ea7cb.dir/CMakeCXXCompilerABI.cpp.o -lstdc++ -lm -lgcc_s -lgcc -lc -lgcc_s -lgcc /usr/lib/gcc/i686-linux-gnu/5/crtend.o /usr/lib/gcc/i686-linux-gnu/5/../../../i386-linux-gnu/crtn.o]
    arg [/usr/lib/gcc/i686-linux-gnu/5/collect2] ==> ignore
    arg [-plugin] ==> ignore
    arg [/usr/lib/gcc/i686-linux-gnu/5/liblto_plugin.so] ==> ignore
    arg [-plugin-opt=/usr/lib/gcc/i686-linux-gnu/5/lto-wrapper] ==> ignore
    arg [-plugin-opt=-fresolution=/tmp/ccpDeRAz.res] ==> ignore
    arg [-plugin-opt=-pass-through=-lgcc_s] ==> ignore
    arg [-plugin-opt=-pass-through=-lgcc] ==> ignore
    arg [-plugin-opt=-pass-through=-lc] ==> ignore
    arg [-plugin-opt=-pass-through=-lgcc_s] ==> ignore
    arg [-plugin-opt=-pass-through=-lgcc] ==> ignore
    arg [--sysroot=/] ==> ignore
    arg [--build-id] ==> ignore
    arg [--eh-frame-hdr] ==> ignore
    arg [-m] ==> ignore
    arg [elf_i386] ==> ignore
    arg [--hash-style=gnu] ==> ignore
    arg [--as-needed] ==> ignore
    arg [-export-dynamic] ==> ignore
    arg [-dynamic-linker] ==> ignore
    arg [/lib/ld-linux.so.2] ==> ignore
    arg [-zrelro] ==> ignore
    arg [-o] ==> ignore
    arg [cmTC_ea7cb] ==> ignore
    arg [/usr/lib/gcc/i686-linux-gnu/5/../../../i386-linux-gnu/crt1.o] ==> ignore
    arg [/usr/lib/gcc/i686-linux-gnu/5/../../../i386-linux-gnu/crti.o] ==> ignore
    arg [/usr/lib/gcc/i686-linux-gnu/5/crtbegin.o] ==> ignore
    arg [-L/usr/lib/gcc/i686-linux-gnu/5] ==> dir [/usr/lib/gcc/i686-linux-gnu/5]
    arg [-L/usr/lib/gcc/i686-linux-gnu/5/../../../i386-linux-gnu] ==> dir [/usr/lib/gcc/i686-linux-gnu/5/../../../i386-linux-gnu]
    arg [-L/usr/lib/gcc/i686-linux-gnu/5/../../../../lib] ==> dir [/usr/lib/gcc/i686-linux-gnu/5/../../../../lib]
    arg [-L/lib/i386-linux-gnu] ==> dir [/lib/i386-linux-gnu]
    arg [-L/lib/../lib] ==> dir [/lib/../lib]
    arg [-L/usr/lib/i386-linux-gnu] ==> dir [/usr/lib/i386-linux-gnu]
    arg [-L/usr/lib/../lib] ==> dir [/usr/lib/../lib]
    arg [-L/usr/lib/gcc/i686-linux-gnu/5/../../..] ==> dir [/usr/lib/gcc/i686-linux-gnu/5/../../..]
    arg [CMakeFiles/cmTC_ea7cb.dir/CMakeCXXCompilerABI.cpp.o] ==> ignore
    arg [-lstdc++] ==> lib [stdc++]
    arg [-lm] ==> lib [m]
    arg [-lgcc_s] ==> lib [gcc_s]
    arg [-lgcc] ==> lib [gcc]
    arg [-lc] ==> lib [c]
    arg [-lgcc_s] ==> lib [gcc_s]
    arg [-lgcc] ==> lib [gcc]
    arg [/usr/lib/gcc/i686-linux-gnu/5/crtend.o] ==> ignore
    arg [/usr/lib/gcc/i686-linux-gnu/5/../../../i386-linux-gnu/crtn.o] ==> ignore
  remove lib [gcc_s]
  remove lib [gcc]
  remove lib [gcc_s]
  remove lib [gcc]
  collapse library dir [/usr/lib/gcc/i686-linux-gnu/5] ==> [/usr/lib/gcc/i686-linux-gnu/5]
  collapse library dir [/usr/lib/gcc/i686-linux-gnu/5/../../../i386-linux-gnu] ==> [/usr/lib/i386-linux-gnu]
  collapse library dir [/usr/lib/gcc/i686-linux-gnu/5/../../../../lib] ==> [/usr/lib]
  collapse library dir [/lib/i386-linux-gnu] ==> [/lib/i386-linux-gnu]
  collapse library dir [/lib/../lib] ==> [/lib]
  collapse library dir [/usr/lib/i386-linux-gnu] ==> [/usr/lib/i386-linux-gnu]
  collapse library dir [/usr/lib/../lib] ==> [/usr/lib]
  collapse library dir [/usr/lib/gcc/i686-linux-gnu/5/../../..] ==> [/usr/lib]
  implicit libs: [stdc++;m;c]
  implicit dirs: [/usr/lib/gcc/i686-linux-gnu/5;/usr/lib/i386-linux-gnu;/usr/lib;/lib/i386-linux-gnu;/lib]
  implicit fwks: []




Detecting CXX [-std=c++14] compiler features compiled with the following output:
Change Dir: /home/sebastian/Schreibtisch/IPI/Übung/Ü6/build/CMakeFiles/CMakeTmp

Run Build Command:"/usr/bin/make" "cmTC_8e4f6/fast"
/usr/bin/make -f CMakeFiles/cmTC_8e4f6.dir/build.make CMakeFiles/cmTC_8e4f6.dir/build
make[1]: Verzeichnis „/home/sebastian/Schreibtisch/IPI/Übung/Ü6/build/CMakeFiles/CMakeTmp“ wird betreten
Building CXX object CMakeFiles/cmTC_8e4f6.dir/feature_tests.cxx.o
/usr/bin/c++     -std=c++14 -o CMakeFiles/cmTC_8e4f6.dir/feature_tests.cxx.o -c /home/sebastian/Schreibtisch/IPI/Übung/Ü6/build/CMakeFiles/feature_tests.cxx
Linking CXX executable cmTC_8e4f6
/usr/bin/cmake -E cmake_link_script CMakeFiles/cmTC_8e4f6.dir/link.txt --verbose=1
/usr/bin/c++        CMakeFiles/cmTC_8e4f6.dir/feature_tests.cxx.o  -o cmTC_8e4f6 -rdynamic 
make[1]: Verzeichnis „/home/sebastian/Schreibtisch/IPI/Übung/Ü6/build/CMakeFiles/CMakeTmp“ wird verlassen


    Feature record: CXX_FEATURE:1cxx_aggregate_default_initializers
    Feature record: CXX_FEATURE:1cxx_alias_templates
    Feature record: CXX_FEATURE:1cxx_alignas
    Feature record: CXX_FEATURE:1cxx_alignof
    Feature record: CXX_FEATURE:1cxx_attributes
    Feature record: CXX_FEATURE:1cxx_attribute_deprecated
    Feature record: CXX_FEATURE:1cxx_auto_type
    Feature record: CXX_FEATURE:1cxx_binary_literals
    Feature record: CXX_FEATURE:1cxx_constexpr
    Feature record: CXX_FEATURE:1cxx_contextual_conversions
    Feature record: CXX_FEATURE:1cxx_decltype
    Feature record: CXX_FEATURE:1cxx_decltype_auto
    Feature record: CXX_FEATURE:1cxx_decltype_incomplete_return_types
    Feature record: CXX_FEATURE:1cxx_default_function_template_args
    Feature record: CXX_FEATURE:1cxx_defaulted_functions
    Feature record: CXX_FEATURE:1cxx_defaulted_move_initializers
    Feature record: CXX_FEATURE:1cxx_delegating_constructors
    Feature record: CXX_FEATURE:1cxx_deleted_functions
    Feature record: CXX_FEATURE:1cxx_digit_separators
    Feature record: CXX_FEATURE:1cxx_enum_forward_declarations
    Feature record: CXX_FEATURE:1cxx_explicit_conversions
    Feature record: CXX_FEATURE:1cxx_extended_friend_declarations
    Feature record: CXX_FEATURE:1cxx_extern_templates
    Feature record: CXX_FEATURE:1cxx_final
    Feature record: CXX_FEATURE:1cxx_func_identifier
    Feature record: CXX_FEATURE:1cxx_generalized_initializers
    Feature record: CXX_FEATURE:1cxx_generic_lambdas
    Feature record: CXX_FEATURE:1cxx_inheriting_constructors
    Feature record: CXX_FEATURE:1cxx_inline_namespaces
    Feature record: CXX_FEATURE:1cxx_lambdas
    Feature record: CXX_FEATURE:1cxx_lambda_init_captures
    Feature record: CXX_FEATURE:1cxx_local_type_template_args
    Feature record: CXX_FEATURE:1cxx_long_long_type
    Feature record: CXX_FEATURE:1cxx_noexcept
    Feature record: CXX_FEATURE:1cxx_nonstatic_member_init
    Feature record: CXX_FEATURE:1cxx_nullptr
    Feature record: CXX_FEATURE:1cxx_override
    Feature record: CXX_FEATURE:1cxx_range_for
    Feature record: CXX_FEATURE:1cxx_raw_string_literals
    Feature record: CXX_FEATURE:1cxx_reference_qualified_functions
    Feature record: CXX_FEATURE:1cxx_relaxed_constexpr
    Feature record: CXX_FEATURE:1cxx_return_type_deduction
    Feature record: CXX_FEATURE:1cxx_right_angle_brackets
    Feature record: CXX_FEATURE:1cxx_rvalue_references
    Feature record: CXX_FEATURE:1cxx_sizeof_member
    Feature record: CXX_FEATURE:1cxx_static_assert
    Feature record: CXX_FEATURE:1cxx_strong_enums
    Feature record: CXX_FEATURE:1cxx_template_template_parameters
    Feature record: CXX_FEATURE:1cxx_thread_local
    Feature record: CXX_FEATURE:1cxx_trailing_return_types
    Feature record: CXX_FEATURE:1cxx_unicode_literals
    Feature record: CXX_FEATURE:1cxx_uniform_initialization
    Feature record: CXX_FEATURE:1cxx_unrestricted_unions
    Feature record: CXX_FEATURE:1cxx_user_literals
    Feature record: CXX_FEATURE:1cxx_variable_templates
    Feature record: CXX_FEATURE:1cxx_variadic_macros
    Feature record: CXX_FEATURE:1cxx_variadic_templates


Detecting CXX [-std=c++11] compiler features compiled with the following output:
Change Dir: /home/sebastian/Schreibtisch/IPI/Übung/Ü6/build/CMakeFiles/CMakeTmp

Run Build Command:"/usr/bin/make" "cmTC_550dd/fast"
/usr/bin/make -f CMakeFiles/cmTC_550dd.dir/build.make CMakeFiles/cmTC_550dd.dir/build
make[1]: Verzeichnis „/home/sebastian/Schreibtisch/IPI/Übung/Ü6/build/CMakeFiles/CMakeTmp“ wird betreten
Building CXX object CMakeFiles/cmTC_550dd.dir/feature_tests.cxx.o
/usr/bin/c++     -std=c++11 -o CMakeFiles/cmTC_550dd.dir/feature_tests.cxx.o -c /home/sebastian/Schreibtisch/IPI/Übung/Ü6/build/CMakeFiles/feature_tests.cxx
Linking CXX executable cmTC_550dd
/usr/bin/cmake -E cmake_link_script CMakeFiles/cmTC_550dd.dir/link.txt --verbose=1
/usr/bin/c++        CMakeFiles/cmTC_550dd.dir/feature_tests.cxx.o  -o cmTC_550dd -rdynamic 
make[1]: Verzeichnis „/home/sebastian/Schreibtisch/IPI/Übung/Ü6/build/CMakeFiles/CMakeTmp“ wird verlassen


    Feature record: CXX_FEATURE:0cxx_aggregate_default_initializers
    Feature record: CXX_FEATURE:1cxx_alias_templates
    Feature record: CXX_FEATURE:1cxx_alignas
    Feature record: CXX_FEATURE:1cxx_alignof
    Feature record: CXX_FEATURE:1cxx_attributes
    Feature record: CXX_FEATURE:0cxx_attribute_deprecated
    Feature record: CXX_FEATURE:1cxx_auto_type
    Feature record: CXX_FEATURE:0cxx_binary_literals
    Feature record: CXX_FEATURE:1cxx_constexpr
    Feature record: CXX_FEATURE:0cxx_contextual_conversions
    Feature record: CXX_FEATURE:1cxx_decltype
    Feature record: CXX_FEATURE:0cxx_decltype_auto
    Feature record: CXX_FEATURE:1cxx_decltype_incomplete_return_types
    Feature record: CXX_FEATURE:1cxx_default_function_template_args
    Feature record: CXX_FEATURE:1cxx_defaulted_functions
    Feature record: CXX_FEATURE:1cxx_defaulted_move_initializers
    Feature record: CXX_FEATURE:1cxx_delegating_constructors
    Feature record: CXX_FEATURE:1cxx_deleted_functions
    Feature record: CXX_FEATURE:0cxx_digit_separators
    Feature record: CXX_FEATURE:1cxx_enum_forward_declarations
    Feature record: CXX_FEATURE:1cxx_explicit_conversions
    Feature record: CXX_FEATURE:1cxx_extended_friend_declarations
    Feature record: CXX_FEATURE:1cxx_extern_templates
    Feature record: CXX_FEATURE:1cxx_final
    Feature record: CXX_FEATURE:1cxx_func_identifier
    Feature record: CXX_FEATURE:1cxx_generalized_initializers
    Feature record: CXX_FEATURE:0cxx_generic_lambdas
    Feature record: CXX_FEATURE:1cxx_inheriting_constructors
    Feature record: CXX_FEATURE:1cxx_inline_namespaces
    Feature record: CXX_FEATURE:1cxx_lambdas
    Feature record: CXX_FEATURE:0cxx_lambda_init_captures
    Feature record: CXX_FEATURE:1cxx_local_type_template_args
    Feature record: CXX_FEATURE:1cxx_long_long_type
    Feature record: CXX_FEATURE:1cxx_noexcept
    Feature record: CXX_FEATURE:1cxx_nonstatic_member_init
    Feature record: CXX_FEATURE:1cxx_nullptr
    Feature record: CXX_FEATURE:1cxx_override
    Feature record: CXX_FEATURE:1cxx_range_for
    Feature record: CXX_FEATURE:1cxx_raw_string_literals
    Feature record: CXX_FEATURE:1cxx_reference_qualified_functions
    Feature record: CXX_FEATURE:0cxx_relaxed_constexpr
    Feature record: CXX_FEATURE:0cxx_return_type_deduction
    Feature record: CXX_FEATURE:1cxx_right_angle_brackets
    Feature record: CXX_FEATURE:1cxx_rvalue_references
    Feature record: CXX_FEATURE:1cxx_sizeof_member
    Feature record: CXX_FEATURE:1cxx_static_assert
    Feature record: CXX_FEATURE:1cxx_strong_enums
    Feature record: CXX_FEATURE:1cxx_template_template_parameters
    Feature record: CXX_FEATURE:1cxx_thread_local
    Feature record: CXX_FEATURE:1cxx_trailing_return_types
    Feature record: CXX_FEATURE:1cxx_unicode_literals
    Feature record: CXX_FEATURE:1cxx_uniform_initialization
    Feature record: CXX_FEATURE:1cxx_unrestricted_unions
    Feature record: CXX_FEATURE:1cxx_user_literals
    Feature record: CXX_FEATURE:0cxx_variable_templates
    Feature record: CXX_FEATURE:1cxx_variadic_macros
    Feature record: CXX_FEATURE:1cxx_variadic_templates


Detecting CXX [-std=c++98] compiler features compiled with the following output:
Change Dir: /home/sebastian/Schreibtisch/IPI/Übung/Ü6/build/CMakeFiles/CMakeTmp

Run Build Command:"/usr/bin/make" "cmTC_1886d/fast"
/usr/bin/make -f CMakeFiles/cmTC_1886d.dir/build.make CMakeFiles/cmTC_1886d.dir/build
make[1]: Verzeichnis „/home/sebastian/Schreibtisch/IPI/Übung/Ü6/build/CMakeFiles/CMakeTmp“ wird betreten
Building CXX object CMakeFiles/cmTC_1886d.dir/feature_tests.cxx.o
/usr/bin/c++     -std=c++98 -o CMakeFiles/cmTC_1886d.dir/feature_tests.cxx.o -c /home/sebastian/Schreibtisch/IPI/Übung/Ü6/build/CMakeFiles/feature_tests.cxx
Linking CXX executable cmTC_1886d
/usr/bin/cmake -E cmake_link_script CMakeFiles/cmTC_1886d.dir/link.txt --verbose=1
/usr/bin/c++        CMakeFiles/cmTC_1886d.dir/feature_tests.cxx.o  -o cmTC_1886d -rdynamic 
make[1]: Verzeichnis „/home/sebastian/Schreibtisch/IPI/Übung/Ü6/build/CMakeFiles/CMakeTmp“ wird verlassen


    Feature record: CXX_FEATURE:0cxx_aggregate_default_initializers
    Feature record: CXX_FEATURE:0cxx_alias_templates
    Feature record: CXX_FEATURE:0cxx_alignas
    Feature record: CXX_FEATURE:0cxx_alignof
    Feature record: CXX_FEATURE:0cxx_attributes
    Feature record: CXX_FEATURE:0cxx_attribute_deprecated
    Feature record: CXX_FEATURE:0cxx_auto_type
    Feature record: CXX_FEATURE:0cxx_binary_literals
    Feature record: CXX_FEATURE:0cxx_constexpr
    Feature record: CXX_FEATURE:0cxx_contextual_conversions
    Feature record: CXX_FEATURE:0cxx_decltype
    Feature record: CXX_FEATURE:0cxx_decltype_auto
    Feature record: CXX_FEATURE:0cxx_decltype_incomplete_return_types
    Feature record: CXX_FEATURE:0cxx_default_function_template_args
    Feature record: CXX_FEATURE:0cxx_defaulted_functions
    Feature record: CXX_FEATURE:0cxx_defaulted_move_initializers
    Feature record: CXX_FEATURE:0cxx_delegating_constructors
    Feature record: CXX_FEATURE:0cxx_deleted_functions
    Feature record: CXX_FEATURE:0cxx_digit_separators
    Feature record: CXX_FEATURE:0cxx_enum_forward_declarations
    Feature record: CXX_FEATURE:0cxx_explicit_conversions
    Feature record: CXX_FEATURE:0cxx_extended_friend_declarations
    Feature record: CXX_FEATURE:0cxx_extern_templates
    Feature record: CXX_FEATURE:0cxx_final
    Feature record: CXX_FEATURE:0cxx_func_identifier
    Feature record: CXX_FEATURE:0cxx_generalized_initializers
    Feature record: CXX_FEATURE:0cxx_generic_lambdas
    Feature record: CXX_FEATURE:0cxx_inheriting_constructors
    Feature record: CXX_FEATURE:0cxx_inline_namespaces
    Feature record: CXX_FEATURE:0cxx_lambdas
    Feature record: CXX_FEATURE:0cxx_lambda_init_captures
    Feature record: CXX_FEATURE:0cxx_local_type_template_args
    Feature record: CXX_FEATURE:0cxx_long_long_type
    Feature record: CXX_FEATURE:0cxx_noexcept
    Feature record: CXX_FEATURE:0cxx_nonstatic_member_init
    Feature record: CXX_FEATURE:0cxx_nullptr
    Feature record: CXX_FEATURE:0cxx_override
    Feature record: CXX_FEATURE:0cxx_range_for
    Feature record: CXX_FEATURE:0cxx_raw_string_literals
    Feature record: CXX_FEATURE:0cxx_reference_qualified_functions
    Feature record: CXX_FEATURE:0cxx_relaxed_constexpr
    Feature record: CXX_FEATURE:0cxx_return_type_deduction
    Feature record: CXX_FEATURE:0cxx_right_angle_brackets
    Feature record: CXX_FEATURE:0cxx_rvalue_references
    Feature record: CXX_FEATURE:0cxx_sizeof_member
    Feature record: CXX_FEATURE:0cxx_static_assert
    Feature record: CXX_FEATURE:0cxx_strong_enums
    Feature record: CXX_FEATURE:1cxx_template_template_parameters
    Feature record: CXX_FEATURE:0cxx_thread_local
    Feature record: CXX_FEATURE:0cxx_trailing_return_types
    Feature record: CXX_FEATURE:0cxx_unicode_literals
    Feature record: CXX_FEATURE:0cxx_uniform_initialization
    Feature record: CXX_FEATURE:0cxx_unrestricted_unions
    Feature record: CXX_FEATURE:0cxx_user_literals
    Feature record: CXX_FEATURE:0cxx_variable_templates
    Feature record: CXX_FEATURE:0cxx_variadic_macros
    Feature record: CXX_FEATURE:0cxx_variadic_templates
Performing C++ SOURCE FILE Test flag_supported succeeded with the following output:
Change Dir: /home/sebastian/Schreibtisch/IPI/Übung/Ü6/build/CMakeFiles/CMakeTmp

Run Build Command:"/usr/bin/make" "cmTC_f1526/fast"
make[1]: Entering directory '/home/sebastian/Schreibtisch/IPI/Übung/Ü6/build/CMakeFiles/CMakeTmp'
/usr/bin/make -f CMakeFiles/cmTC_f1526.dir/build.make CMakeFiles/cmTC_f1526.dir/build
make[2]: Entering directory '/home/sebastian/Schreibtisch/IPI/Übung/Ü6/build/CMakeFiles/CMakeTmp'
Building CXX object CMakeFiles/cmTC_f1526.dir/src.cxx.o
/usr/bin/c++     -Dflag_supported   -Wall -o CMakeFiles/cmTC_f1526.dir/src.cxx.o -c /home/sebastian/Schreibtisch/IPI/Übung/Ü6/build/CMakeFiles/CMakeTmp/src.cxx
Linking CXX executable cmTC_f1526
/usr/bin/cmake -E cmake_link_script CMakeFiles/cmTC_f1526.dir/link.txt --verbose=1
/usr/bin/c++    -Dflag_supported    CMakeFiles/cmTC_f1526.dir/src.cxx.o  -o cmTC_f1526 -rdynamic 
make[2]: Leaving directory '/home/sebastian/Schreibtisch/IPI/Übung/Ü6/build/CMakeFiles/CMakeTmp'
make[1]: Leaving directory '/home/sebastian/Schreibtisch/IPI/Übung/Ü6/build/CMakeFiles/CMakeTmp'

Source file was:
int main() { return 0; }
Performing C++ SOURCE FILE Test flag_supported succeeded with the following output:
Change Dir: /home/sebastian/Schreibtisch/IPI/Übung/Ü6/build/CMakeFiles/CMakeTmp

Run Build Command:"/usr/bin/make" "cmTC_a8d24/fast"
make[1]: Entering directory '/home/sebastian/Schreibtisch/IPI/Übung/Ü6/build/CMakeFiles/CMakeTmp'
/usr/bin/make -f CMakeFiles/cmTC_a8d24.dir/build.make CMakeFiles/cmTC_a8d24.dir/build
make[2]: Entering directory '/home/sebastian/Schreibtisch/IPI/Übung/Ü6/build/CMakeFiles/CMakeTmp'
Building CXX object CMakeFiles/cmTC_a8d24.dir/src.cxx.o
/usr/bin/c++     -Wall -Dflag_supported   -Wextra -o CMakeFiles/cmTC_a8d24.dir/src.cxx.o -c /home/sebastian/Schreibtisch/IPI/Übung/Ü6/build/CMakeFiles/CMakeTmp/src.cxx
Linking CXX executable cmTC_a8d24
/usr/bin/cmake -E cmake_link_script CMakeFiles/cmTC_a8d24.dir/link.txt --verbose=1
/usr/bin/c++    -Wall -Dflag_supported    CMakeFiles/cmTC_a8d24.dir/src.cxx.o  -o cmTC_a8d24 -rdynamic 
make[2]: Leaving directory '/home/sebastian/Schreibtisch/IPI/Übung/Ü6/build/CMakeFiles/CMakeTmp'
make[1]: Leaving directory '/home/sebastian/Schreibtisch/IPI/Übung/Ü6/build/CMakeFiles/CMakeTmp'

Source file was:
int main() { return 0; }
Performing C++ SOURCE FILE Test flag_supported succeeded with the following output:
Change Dir: /home/sebastian/Schreibtisch/IPI/Übung/Ü6/build/CMakeFiles/CMakeTmp

Run Build Command:"/usr/bin/make" "cmTC_99a26/fast"
make[1]: Entering directory '/home/sebastian/Schreibtisch/IPI/Übung/Ü6/build/CMakeFiles/CMakeTmp'
/usr/bin/make -f CMakeFiles/cmTC_99a26.dir/build.make CMakeFiles/cmTC_99a26.dir/build
make[2]: Entering directory '/home/sebastian/Schreibtisch/IPI/Übung/Ü6/build/CMakeFiles/CMakeTmp'
Building CXX object CMakeFiles/cmTC_99a26.dir/src.cxx.o
/usr/bin/c++     -Wall -Wextra -Dflag_supported   -pedantic -o CMakeFiles/cmTC_99a26.dir/src.cxx.o -c /home/sebastian/Schreibtisch/IPI/Übung/Ü6/build/CMakeFiles/CMakeTmp/src.cxx
Linking CXX executable cmTC_99a26
/usr/bin/cmake -E cmake_link_script CMakeFiles/cmTC_99a26.dir/link.txt --verbose=1
/usr/bin/c++    -Wall -Wextra -Dflag_supported    CMakeFiles/cmTC_99a26.dir/src.cxx.o  -o cmTC_99a26 -rdynamic 
make[2]: Leaving directory '/home/sebastian/Schreibtisch/IPI/Übung/Ü6/build/CMakeFiles/CMakeTmp'
make[1]: Leaving directory '/home/sebastian/Schreibtisch/IPI/Übung/Ü6/build/CMakeFiles/CMakeTmp'

Source file was:
int main() { return 0; }
Performing C++ SOURCE FILE Test flag_supported succeeded with the following output:
Change Dir: /home/sebastian/Schreibtisch/IPI/Übung/Ü6/build/CMakeFiles/CMakeTmp

Run Build Command:"/usr/bin/make" "cmTC_70791/fast"
/usr/bin/make -f CMakeFiles/cmTC_70791.dir/build.make CMakeFiles/cmTC_70791.dir/build
make[1]: Entering directory '/home/sebastian/Schreibtisch/IPI/Übung/Ü6/build/CMakeFiles/CMakeTmp'
Building CXX object CMakeFiles/cmTC_70791.dir/src.cxx.o
/usr/bin/c++     -Dflag_supported   -Wall -o CMakeFiles/cmTC_70791.dir/src.cxx.o -c /home/sebastian/Schreibtisch/IPI/Übung/Ü6/build/CMakeFiles/CMakeTmp/src.cxx
Linking CXX executable cmTC_70791
/usr/bin/cmake -E cmake_link_script CMakeFiles/cmTC_70791.dir/link.txt --verbose=1
/usr/bin/c++    -Dflag_supported    CMakeFiles/cmTC_70791.dir/src.cxx.o  -o cmTC_70791 -rdynamic 
make[1]: Leaving directory '/home/sebastian/Schreibtisch/IPI/Übung/Ü6/build/CMakeFiles/CMakeTmp'

Source file was:
int main() { return 0; }
Performing C++ SOURCE FILE Test flag_supported succeeded with the following output:
Change Dir: /home/sebastian/Schreibtisch/IPI/Übung/Ü6/build/CMakeFiles/CMakeTmp

Run Build Command:"/usr/bin/make" "cmTC_3d230/fast"
/usr/bin/make -f CMakeFiles/cmTC_3d230.dir/build.make CMakeFiles/cmTC_3d230.dir/build
make[1]: Entering directory '/home/sebastian/Schreibtisch/IPI/Übung/Ü6/build/CMakeFiles/CMakeTmp'
Building CXX object CMakeFiles/cmTC_3d230.dir/src.cxx.o
/usr/bin/c++     -Wall -Dflag_supported   -Wextra -o CMakeFiles/cmTC_3d230.dir/src.cxx.o -c /home/sebastian/Schreibtisch/IPI/Übung/Ü6/build/CMakeFiles/CMakeTmp/src.cxx
Linking CXX executable cmTC_3d230
/usr/bin/cmake -E cmake_link_script CMakeFiles/cmTC_3d230.dir/link.txt --verbose=1
/usr/bin/c++    -Wall -Dflag_supported    CMakeFiles/cmTC_3d230.dir/src.cxx.o  -o cmTC_3d230 -rdynamic 
make[1]: Leaving directory '/home/sebastian/Schreibtisch/IPI/Übung/Ü6/build/CMakeFiles/CMakeTmp'

Source file was:
int main() { return 0; }
Performing C++ SOURCE FILE Test flag_supported succeeded with the following output:
Change Dir: /home/sebastian/Schreibtisch/IPI/Übung/Ü6/build/CMakeFiles/CMakeTmp

Run Build Command:"/usr/bin/make" "cmTC_cdafb/fast"
/usr/bin/make -f CMakeFiles/cmTC_cdafb.dir/build.make CMakeFiles/cmTC_cdafb.dir/build
make[1]: Entering directory '/home/sebastian/Schreibtisch/IPI/Übung/Ü6/build/CMakeFiles/CMakeTmp'
Building CXX object CMakeFiles/cmTC_cdafb.dir/src.cxx.o
/usr/bin/c++     -Wall -Wextra -Dflag_supported   -pedantic -o CMakeFiles/cmTC_cdafb.dir/src.cxx.o -c /home/sebastian/Schreibtisch/IPI/Übung/Ü6/build/CMakeFiles/CMakeTmp/src.cxx
Linking CXX executable cmTC_cdafb
/usr/bin/cmake -E cmake_link_script CMakeFiles/cmTC_cdafb.dir/link.txt --verbose=1
/usr/bin/c++    -Wall -Wextra -Dflag_supported    CMakeFiles/cmTC_cdafb.dir/src.cxx.o  -o cmTC_cdafb -rdynamic 
make[1]: Leaving directory '/home/sebastian/Schreibtisch/IPI/Übung/Ü6/build/CMakeFiles/CMakeTmp'

Source file was:
int main() { return 0; }
Performing C++ SOURCE FILE Test flag_supported succeeded with the following output:
Change Dir: /home/sebastian/Schreibtisch/IPI/Übung/Ü6/build/CMakeFiles/CMakeTmp

Run Build Command:"/usr/bin/make" "cmTC_b67ad/fast"
/usr/bin/make -f CMakeFiles/cmTC_b67ad.dir/build.make CMakeFiles/cmTC_b67ad.dir/build
make[1]: Entering directory '/home/sebastian/Schreibtisch/IPI/Übung/Ü6/build/CMakeFiles/CMakeTmp'
Building CXX object CMakeFiles/cmTC_b67ad.dir/src.cxx.o
/usr/bin/c++     -Dflag_supported   -Wall -o CMakeFiles/cmTC_b67ad.dir/src.cxx.o -c /home/sebastian/Schreibtisch/IPI/Übung/Ü6/build/CMakeFiles/CMakeTmp/src.cxx
Linking CXX executable cmTC_b67ad
/usr/bin/cmake -E cmake_link_script CMakeFiles/cmTC_b67ad.dir/link.txt --verbose=1
/usr/bin/c++    -Dflag_supported    CMakeFiles/cmTC_b67ad.dir/src.cxx.o  -o cmTC_b67ad -rdynamic 
make[1]: Leaving directory '/home/sebastian/Schreibtisch/IPI/Übung/Ü6/build/CMakeFiles/CMakeTmp'

Source file was:
int main() { return 0; }
Performing C++ SOURCE FILE Test flag_supported succeeded with the following output:
Change Dir: /home/sebastian/Schreibtisch/IPI/Übung/Ü6/build/CMakeFiles/CMakeTmp

Run Build Command:"/usr/bin/make" "cmTC_105e9/fast"
/usr/bin/make -f CMakeFiles/cmTC_105e9.dir/build.make CMakeFiles/cmTC_105e9.dir/build
make[1]: Entering directory '/home/sebastian/Schreibtisch/IPI/Übung/Ü6/build/CMakeFiles/CMakeTmp'
Building CXX object CMakeFiles/cmTC_105e9.dir/src.cxx.o
/usr/bin/c++     -Wall -Dflag_supported   -Wextra -o CMakeFiles/cmTC_105e9.dir/src.cxx.o -c /home/sebastian/Schreibtisch/IPI/Übung/Ü6/build/CMakeFiles/CMakeTmp/src.cxx
Linking CXX executable cmTC_105e9
/usr/bin/cmake -E cmake_link_script CMakeFiles/cmTC_105e9.dir/link.txt --verbose=1
/usr/bin/c++    -Wall -Dflag_supported    CMakeFiles/cmTC_105e9.dir/src.cxx.o  -o cmTC_105e9 -rdynamic 
make[1]: Leaving directory '/home/sebastian/Schreibtisch/IPI/Übung/Ü6/build/CMakeFiles/CMakeTmp'

Source file was:
int main() { return 0; }
Performing C++ SOURCE FILE Test flag_supported succeeded with the following output:
Change Dir: /home/sebastian/Schreibtisch/IPI/Übung/Ü6/build/CMakeFiles/CMakeTmp

Run Build Command:"/usr/bin/make" "cmTC_c20ec/fast"
/usr/bin/make -f CMakeFiles/cmTC_c20ec.dir/build.make CMakeFiles/cmTC_c20ec.dir/build
make[1]: Entering directory '/home/sebastian/Schreibtisch/IPI/Übung/Ü6/build/CMakeFiles/CMakeTmp'
Building CXX object CMakeFiles/cmTC_c20ec.dir/src.cxx.o
/usr/bin/c++     -Wall -Wextra -Dflag_supported   -pedantic -o CMakeFiles/cmTC_c20ec.dir/src.cxx.o -c /home/sebastian/Schreibtisch/IPI/Übung/Ü6/build/CMakeFiles/CMakeTmp/src.cxx
Linking CXX executable cmTC_c20ec
/usr/bin/cmake -E cmake_link_script CMakeFiles/cmTC_c20ec.dir/link.txt --verbose=1
/usr/bin/c++    -Wall -Wextra -Dflag_supported    CMakeFiles/cmTC_c20ec.dir/src.cxx.o  -o cmTC_c20ec -rdynamic 
make[1]: Leaving directory '/home/sebastian/Schreibtisch/IPI/Übung/Ü6/build/CMakeFiles/CMakeTmp'

Source file was:
int main() { return 0; }
Performing C++ SOURCE FILE Test flag_supported succeeded with the following output:
Change Dir: /home/sebastian/Schreibtisch/IPI/Übung/Ü6/build/CMakeFiles/CMakeTmp

Run Build Command:"/usr/bin/make" "cmTC_ac524/fast"
/usr/bin/make -f CMakeFiles/cmTC_ac524.dir/build.make CMakeFiles/cmTC_ac524.dir/build
make[1]: Entering directory '/home/sebastian/Schreibtisch/IPI/Übung/Ü6/build/CMakeFiles/CMakeTmp'
Building CXX object CMakeFiles/cmTC_ac524.dir/src.cxx.o
/usr/bin/c++     -Dflag_supported   -Wall -o CMakeFiles/cmTC_ac524.dir/src.cxx.o -c /home/sebastian/Schreibtisch/IPI/Übung/Ü6/build/CMakeFiles/CMakeTmp/src.cxx
Linking CXX executable cmTC_ac524
/usr/bin/cmake -E cmake_link_script CMakeFiles/cmTC_ac524.dir/link.txt --verbose=1
/usr/bin/c++    -Dflag_supported    CMakeFiles/cmTC_ac524.dir/src.cxx.o  -o cmTC_ac524 -rdynamic 
make[1]: Leaving directory '/home/sebastian/Schreibtisch/IPI/Übung/Ü6/build/CMakeFiles/CMakeTmp'

Source file was:
int main() { return 0; }
Performing C++ SOURCE FILE Test flag_supported succeeded with the following output:
Change Dir: /home/sebastian/Schreibtisch/IPI/Übung/Ü6/build/CMakeFiles/CMakeTmp

Run Build Command:"/usr/bin/make" "cmTC_85fd9/fast"
/usr/bin/make -f CMakeFiles/cmTC_85fd9.dir/build.make CMakeFiles/cmTC_85fd9.dir/build
make[1]: Entering directory '/home/sebastian/Schreibtisch/IPI/Übung/Ü6/build/CMakeFiles/CMakeTmp'
Building CXX object CMakeFiles/cmTC_85fd9.dir/src.cxx.o
/usr/bin/c++     -Wall -Dflag_supported   -Wextra -o CMakeFiles/cmTC_85fd9.dir/src.cxx.o -c /home/sebastian/Schreibtisch/IPI/Übung/Ü6/build/CMakeFiles/CMakeTmp/src.cxx
Linking CXX executable cmTC_85fd9
/usr/bin/cmake -E cmake_link_script CMakeFiles/cmTC_85fd9.dir/link.txt --verbose=1
/usr/bin/c++    -Wall -Dflag_supported    CMakeFiles/cmTC_85fd9.dir/src.cxx.o  -o cmTC_85fd9 -rdynamic 
make[1]: Leaving directory '/home/sebastian/Schreibtisch/IPI/Übung/Ü6/build/CMakeFiles/CMakeTmp'

Source file was:
int main() { return 0; }
Performing C++ SOURCE FILE Test flag_supported succeeded with the following output:
Change Dir: /home/sebastian/Schreibtisch/IPI/Übung/Ü6/build/CMakeFiles/CMakeTmp

Run Build Command:"/usr/bin/make" "cmTC_70d1b/fast"
/usr/bin/make -f CMakeFiles/cmTC_70d1b.dir/build.make CMakeFiles/cmTC_70d1b.dir/build
make[1]: Entering directory '/home/sebastian/Schreibtisch/IPI/Übung/Ü6/build/CMakeFiles/CMakeTmp'
Building CXX object CMakeFiles/cmTC_70d1b.dir/src.cxx.o
/usr/bin/c++     -Wall -Wextra -Dflag_supported   -pedantic -o CMakeFiles/cmTC_70d1b.dir/src.cxx.o -c /home/sebastian/Schreibtisch/IPI/Übung/Ü6/build/CMakeFiles/CMakeTmp/src.cxx
Linking CXX executable cmTC_70d1b
/usr/bin/cmake -E cmake_link_script CMakeFiles/cmTC_70d1b.dir/link.txt --verbose=1
/usr/bin/c++    -Wall -Wextra -Dflag_supported    CMakeFiles/cmTC_70d1b.dir/src.cxx.o  -o cmTC_70d1b -rdynamic 
make[1]: Leaving directory '/home/sebastian/Schreibtisch/IPI/Übung/Ü6/build/CMakeFiles/CMakeTmp'

Source file was:
int main() { return 0; }
Performing C++ SOURCE FILE Test flag_supported succeeded with the following output:
Change Dir: /home/sebastian/Schreibtisch/IPI/Übung/Ü6/build/CMakeFiles/CMakeTmp

Run Build Command:"/usr/bin/make" "cmTC_ebdcd/fast"
/usr/bin/make -f CMakeFiles/cmTC_ebdcd.dir/build.make CMakeFiles/cmTC_ebdcd.dir/build
make[1]: Entering directory '/home/sebastian/Schreibtisch/IPI/Übung/Ü6/build/CMakeFiles/CMakeTmp'
Building CXX object CMakeFiles/cmTC_ebdcd.dir/src.cxx.o
/usr/bin/c++     -Dflag_supported   -Wall -o CMakeFiles/cmTC_ebdcd.dir/src.cxx.o -c /home/sebastian/Schreibtisch/IPI/Übung/Ü6/build/CMakeFiles/CMakeTmp/src.cxx
Linking CXX executable cmTC_ebdcd
/usr/bin/cmake -E cmake_link_script CMakeFiles/cmTC_ebdcd.dir/link.txt --verbose=1
/usr/bin/c++    -Dflag_supported    CMakeFiles/cmTC_ebdcd.dir/src.cxx.o  -o cmTC_ebdcd -rdynamic 
make[1]: Leaving directory '/home/sebastian/Schreibtisch/IPI/Übung/Ü6/build/CMakeFiles/CMakeTmp'

Source file was:
int main() { return 0; }
Performing C++ SOURCE FILE Test flag_supported succeeded with the following output:
Change Dir: /home/sebastian/Schreibtisch/IPI/Übung/Ü6/build/CMakeFiles/CMakeTmp

Run Build Command:"/usr/bin/make" "cmTC_a75ad/fast"
/usr/bin/make -f CMakeFiles/cmTC_a75ad.dir/build.make CMakeFiles/cmTC_a75ad.dir/build
make[1]: Entering directory '/home/sebastian/Schreibtisch/IPI/Übung/Ü6/build/CMakeFiles/CMakeTmp'
Building CXX object CMakeFiles/cmTC_a75ad.dir/src.cxx.o
/usr/bin/c++     -Wall -Dflag_supported   -Wextra -o CMakeFiles/cmTC_a75ad.dir/src.cxx.o -c /home/sebastian/Schreibtisch/IPI/Übung/Ü6/build/CMakeFiles/CMakeTmp/src.cxx
Linking CXX executable cmTC_a75ad
/usr/bin/cmake -E cmake_link_script CMakeFiles/cmTC_a75ad.dir/link.txt --verbose=1
/usr/bin/c++    -Wall -Dflag_supported    CMakeFiles/cmTC_a75ad.dir/src.cxx.o  -o cmTC_a75ad -rdynamic 
make[1]: Leaving directory '/home/sebastian/Schreibtisch/IPI/Übung/Ü6/build/CMakeFiles/CMakeTmp'

Source file was:
int main() { return 0; }
Performing C++ SOURCE FILE Test flag_supported succeeded with the following output:
Change Dir: /home/sebastian/Schreibtisch/IPI/Übung/Ü6/build/CMakeFiles/CMakeTmp

Run Build Command:"/usr/bin/make" "cmTC_9bd7b/fast"
/usr/bin/make -f CMakeFiles/cmTC_9bd7b.dir/build.make CMakeFiles/cmTC_9bd7b.dir/build
make[1]: Entering directory '/home/sebastian/Schreibtisch/IPI/Übung/Ü6/build/CMakeFiles/CMakeTmp'
Building CXX object CMakeFiles/cmTC_9bd7b.dir/src.cxx.o
/usr/bin/c++     -Wall -Wextra -Dflag_supported   -pedantic -o CMakeFiles/cmTC_9bd7b.dir/src.cxx.o -c /home/sebastian/Schreibtisch/IPI/Übung/Ü6/build/CMakeFiles/CMakeTmp/src.cxx
Linking CXX executable cmTC_9bd7b
/usr/bin/cmake -E cmake_link_script CMakeFiles/cmTC_9bd7b.dir/link.txt --verbose=1
/usr/bin/c++    -Wall -Wextra -Dflag_supported    CMakeFiles/cmTC_9bd7b.dir/src.cxx.o  -o cmTC_9bd7b -rdynamic 
make[1]: Leaving directory '/home/sebastian/Schreibtisch/IPI/Übung/Ü6/build/CMakeFiles/CMakeTmp'

Source file was:
int main() { return 0; }
